<?xml version="1.0" encoding="UTF-8"?>
<testng-results ignored="0" total="2" passed="2" failed="0" skipped="0">
  <reporter-output>
  </reporter-output>
  <suite started-at="2024-04-24T01:40:15 TRT" name="Testng Projem" finished-at="2024-04-24T01:40:35 TRT" duration-ms="20038">
    <groups>
    </groups>
    <test started-at="2024-04-24T01:40:15 TRT" name="Pratikler" finished-at="2024-04-24T01:40:35 TRT" duration-ms="20038">
      <class name="com.project.test.MyTests">
        <test-method is-config="true" signature="setUp()[pri:0, instance:com.project.test.MyTests@3967e60c]" started-at="2024-04-24T01:40:15 TRT" name="setUp" finished-at="2024-04-24T01:40:21 TRT" duration-ms="5206" status="PASS">
          <reporter-output>
          </reporter-output>
        </test-method> <!-- setUp -->
        <test-method signature="test01()[pri:1, instance:com.project.test.MyTests@3967e60c]" started-at="2024-04-24T01:40:21 TRT" name="test01" finished-at="2024-04-24T01:40:30 TRT" duration-ms="9484" status="PASS">
          <reporter-output>
          </reporter-output>
        </test-method> <!-- test01 -->
        <test-method signature="test02()[pri:2, instance:com.project.test.MyTests@3967e60c]" started-at="2024-04-24T01:40:30 TRT" name="test02" finished-at="2024-04-24T01:40:35 TRT" depends-on-methods="com.project.test.MyTests.test01" duration-ms="4762" status="PASS">
          <reporter-output>
          </reporter-output>
        </test-method> <!-- test02 -->
        <test-method is-config="true" signature="tearDown()[pri:0, instance:com.project.test.MyTests@3967e60c]" started-at="2024-04-24T01:40:35 TRT" name="tearDown" finished-at="2024-04-24T01:40:35 TRT" duration-ms="528" status="PASS">
          <reporter-output>
          </reporter-output>
        </test-method> <!-- tearDown -->
      </class> <!-- com.project.test.MyTests -->
    </test> <!-- Pratikler -->
  </suite> <!-- Testng Projem -->
</testng-results>
